<?xml version="1.0" encoding="UTF-8"?>
<testsuite name="RaceCounterTest" tests="3" skipped="0" failures="0" errors="0" timestamp="2024-08-15T06:27:01" hostname="Use" time="0.263">
  <properties/>
  <testcase name="startCounter_threadsRunning_2008()" classname="RaceCounterTest" time="0.246"/>
  <testcase name="getCounter_2000Threads_2000()" classname="RaceCounterTest" time="0.013"/>
  <testcase name="counter_isAtomicInteger()" classname="RaceCounterTest" time="0.002"/>
  <system-out><![CDATA[]]></system-out>
  <system-err><![CDATA[]]></system-err>
</testsuite>
